<?xml version="1.0" encoding="UTF-8"?>
<testsuite name="Search by keyword" tests="1" skipped="0" failures="1" errors="0" timestamp="2020-02-04T14:39:13" hostname="iMac-de-juan.local" time="0.187">
  <properties/>
  <testcase name="Searching on toutube" classname="Search by keyword" time="0.187">
    <failure message="java.lang.IllegalArgumentException: Could not find a matching constructor for class class starter.task.Search_task with parameters [blid guardian]" type="java.lang.IllegalArgumentException">java.lang.IllegalArgumentException: Could not find a matching constructor for class class starter.task.Search_task with parameters [blid guardian]
	at net.thucydides.core.steps.StepFactory.argumentTypesFrom(StepFactory.java:222)
	at net.thucydides.core.steps.StepFactory.immutableStepLibrary(StepFactory.java:212)
	at net.thucydides.core.steps.StepFactory.createProxyStepLibrary(StepFactory.java:203)
	at net.thucydides.core.steps.StepFactory.instantiateUniqueStepLibraryFor(StepFactory.java:179)
	at net.thucydides.core.steps.StepFactory.getUniqueStepLibraryFor(StepFactory.java:115)
	at net.serenitybdd.screenplay.Tasks.instrumented(Tasks.java:12)
	at starter.task.Search_task.search_one_video(Search_task.java:20)
	at starter.stepdefinitions.search_video.search_for_test(search_video.java:34)
	at ✽.el buscan &quot;blid guardian&quot;(src/test/resources/features/search/search_video_on_youtube.feature:5)
</failure>
  </testcase>
  <system-out><![CDATA[09:39:13.942 [Test worker] INFO  n.t.c.steps.ConsoleLoggingListener - 
 _____ _____ ____ _____   ____ _____  _    ____ _____ _____ ____  
|_   _| ____/ ___|_   _| / ___|_   _|/ \  |  _ \_   _| ____|  _ \ 
  | | |  _| \___ \ | |   \___ \ | | / _ \ | |_) || | |  _| | | | |
  | | | |___ ___) || |    ___) || |/ ___ \|  _ < | | | |___| |_| |
  |_| |_____|____/ |_|   |____/ |_/_/   \_\_| \_\|_| |_____|____/ 
                                                                  

TEST STARTED: Searching on toutube
-------------------------------------------------------------------(search-by-keyword;searching-on-toutube)
]]></system-out>
  <system-err><![CDATA[]]></system-err>
</testsuite>
